0 info it worked if it ends with ok
1 verbose cli [ 'C:\\Program Files\\nodejs\\node.exe',
1 verbose cli   'C:\\Users\\acer main\\AppData\\Roaming\\npm\\node_modules\\npm\\bin\\npm-cli.js',
1 verbose cli   'start' ]
2 info using npm@3.8.0
3 info using node@v4.2.2
4 verbose run-script [ 'prestart', 'start', 'poststart' ]
5 info lifecycle Graphy@0.0.0~prestart: Graphy@0.0.0
6 silly lifecycle Graphy@0.0.0~prestart: no script for prestart, continuing
7 info lifecycle Graphy@0.0.0~start: Graphy@0.0.0
8 verbose lifecycle Graphy@0.0.0~start: unsafe-perm in lifecycle true
9 verbose lifecycle Graphy@0.0.0~start: PATH: C:\Users\acer main\AppData\Roaming\npm\node_modules\npm\bin\node-gyp-bin;C:\Users\acer main\documents\code\javascript\practice\graphy\node_modules\.bin;C:\Program Files\nodejs;C:\ProgramData\Oracle\Java\javapath;C:\Program Files (x86)\Intel\iCLS Client\;C:\Program Files\Intel\iCLS Client\;C:\Windows\system32;C:\Windows;C:\Windows\System32\Wbem;C:\Windows\System32\WindowsPowerShell\v1.0\;C:\Program Files\Intel\Intel(R) Management Engine Components\DAL;C:\Program Files\Intel\Intel(R) Management Engine Components\IPT;C:\Program Files (x86)\Intel\Intel(R) Management Engine Components\DAL;C:\Program Files (x86)\Intel\Intel(R) Management Engine Components\IPT;C:\Program Files\Acer\Remote Files\;C:\Program Files\Calibre2\;C:\Python34\Scripts;C:\Python34;C:\HashiCorp\Vagrant\bin;C:\Program Files (x86)\Git\cmd;C:\Program Files (x86)\Git\bin;C:\Program Files\MongoDB\Server\3.0\bin;C:\Program Files\nodejs\;C:\WINDOWS\system32;C:\WINDOWS;C:\WINDOWS\System32\Wbem;C:\WINDOWS\System32\WindowsPowerShell\v1.0\;C:\Program Files (x86)\Heroku\bin;C:\Program Files (x86)\GtkSharp\2.12\bin;C:\Ruby21-x64\bin;C:\Users\acer main\AppData\Local\.meteor\;C:\Users\acer main\AppData\Roaming\npm;C:\ms4w
10 verbose lifecycle Graphy@0.0.0~start: CWD: C:\Users\acer main\documents\code\javascript\practice\graphy
11 silly lifecycle Graphy@0.0.0~start: Args: [ '/d /s /c', 'node ./bin/www' ]
12 silly lifecycle Graphy@0.0.0~start: Returned: code: 1  signal: null
13 info lifecycle Graphy@0.0.0~start: Failed to exec start script
14 verbose stack Error: Graphy@0.0.0 start: `node ./bin/www`
14 verbose stack Exit status 1
14 verbose stack     at EventEmitter.<anonymous> (C:\Users\acer main\AppData\Roaming\npm\node_modules\npm\lib\utils\lifecycle.js:239:16)
14 verbose stack     at emitTwo (events.js:87:13)
14 verbose stack     at EventEmitter.emit (events.js:172:7)
14 verbose stack     at ChildProcess.<anonymous> (C:\Users\acer main\AppData\Roaming\npm\node_modules\npm\lib\utils\spawn.js:24:14)
14 verbose stack     at emitTwo (events.js:87:13)
14 verbose stack     at ChildProcess.emit (events.js:172:7)
14 verbose stack     at maybeClose (internal/child_process.js:818:16)
14 verbose stack     at Process.ChildProcess._handle.onexit (internal/child_process.js:211:5)
15 verbose pkgid Graphy@0.0.0
16 verbose cwd C:\Users\acer main\documents\code\javascript\practice\graphy
17 error Windows_NT 10.0.10586
18 error argv "C:\\Program Files\\nodejs\\node.exe" "C:\\Users\\acer main\\AppData\\Roaming\\npm\\node_modules\\npm\\bin\\npm-cli.js" "start"
19 error node v4.2.2
20 error npm  v3.8.0
21 error code ELIFECYCLE
22 error Graphy@0.0.0 start: `node ./bin/www`
22 error Exit status 1
23 error Failed at the Graphy@0.0.0 start script 'node ./bin/www'.
23 error Make sure you have the latest version of node.js and npm installed.
23 error If you do, this is most likely a problem with the Graphy package,
23 error not with npm itself.
23 error Tell the author that this fails on your system:
23 error     node ./bin/www
23 error You can get information on how to open an issue for this project with:
23 error     npm bugs Graphy
23 error Or if that isn't available, you can get their info via:
23 error     npm owner ls Graphy
23 error There is likely additional logging output above.
24 verbose exit [ 1, true ]
